/Users/rohitchandra/Documents/OpenClaw AI/openclaw-backend/venv/lib/python3.9/site-packages/urllib3/__init__.py:35: NotOpenSSLWarning: urllib3 v2 only supports OpenSSL 1.1.1+, currently the 'ssl' module is compiled with 'LibreSSL 2.8.3'. See: https://github.com/urllib3/urllib3/issues/3020
  warnings.warn(
/Users/rohitchandra/Documents/OpenClaw AI/openclaw-backend/gateway.py:69: DeprecationWarning: 
        on_event is deprecated, use lifespan event handlers instead.

        Read more about it in the
        [FastAPI docs for Lifespan Events](https://fastapi.tiangolo.com/advanced/events/).
        
  @app.on_event("startup")
INFO:     Started server process [78430]
INFO:     Waiting for application startup.
INFO:     Application startup complete.
INFO:     Uvicorn running on http://0.0.0.0:8002 (Press CTRL+C to quit)
INFO:     127.0.0.1:57482 - "WebSocket /ws/heartbeat" [accepted]
INFO:     connection open
INFO:     connection closed
ERROR:    Exception in ASGI application
Traceback (most recent call last):
  File "/Users/rohitchandra/Documents/OpenClaw AI/openclaw-backend/venv/lib/python3.9/site-packages/websockets/legacy/protocol.py", line 945, in transfer_data
    message = await self.read_message()
  File "/Users/rohitchandra/Documents/OpenClaw AI/openclaw-backend/venv/lib/python3.9/site-packages/websockets/legacy/protocol.py", line 1015, in read_message
    frame = await self.read_data_frame(max_size=self.max_size)
  File "/Users/rohitchandra/Documents/OpenClaw AI/openclaw-backend/venv/lib/python3.9/site-packages/websockets/legacy/protocol.py", line 1090, in read_data_frame
    frame = await self.read_frame(max_size)
  File "/Users/rohitchandra/Documents/OpenClaw AI/openclaw-backend/venv/lib/python3.9/site-packages/websockets/legacy/protocol.py", line 1147, in read_frame
    frame = await Frame.read(
  File "/Users/rohitchandra/Documents/OpenClaw AI/openclaw-backend/venv/lib/python3.9/site-packages/websockets/legacy/framing.py", line 71, in read
    data = await reader(2)
  File "/Applications/Xcode.app/Contents/Developer/Library/Frameworks/Python3.framework/Versions/3.9/lib/python3.9/asyncio/streams.py", line 721, in readexactly
    raise exceptions.IncompleteReadError(incomplete, n)
asyncio.exceptions.IncompleteReadError: 0 bytes read on a total of 2 expected bytes

The above exception was the direct cause of the following exception:

Traceback (most recent call last):
  File "/Users/rohitchandra/Documents/OpenClaw AI/openclaw-backend/venv/lib/python3.9/site-packages/uvicorn/protocols/websockets/websockets_impl.py", line 329, in asgi_send
    await self.send(data)  # type: ignore[arg-type]
  File "/Users/rohitchandra/Documents/OpenClaw AI/openclaw-backend/venv/lib/python3.9/site-packages/websockets/legacy/protocol.py", line 620, in send
    await self.ensure_open()
  File "/Users/rohitchandra/Documents/OpenClaw AI/openclaw-backend/venv/lib/python3.9/site-packages/websockets/legacy/protocol.py", line 921, in ensure_open
    raise self.connection_closed_exc()
websockets.exceptions.ConnectionClosedError: no close frame received or sent

The above exception was the direct cause of the following exception:

Traceback (most recent call last):
  File "/Users/rohitchandra/Documents/OpenClaw AI/openclaw-backend/venv/lib/python3.9/site-packages/starlette/websockets.py", line 86, in send
    await self._send(message)
  File "/Users/rohitchandra/Documents/OpenClaw AI/openclaw-backend/venv/lib/python3.9/site-packages/starlette/_exception_handler.py", line 39, in sender
    await send(message)
  File "/Users/rohitchandra/Documents/OpenClaw AI/openclaw-backend/venv/lib/python3.9/site-packages/uvicorn/protocols/websockets/websockets_impl.py", line 342, in asgi_send
    raise ClientDisconnected from exc
uvicorn.protocols.utils.ClientDisconnected

During handling of the above exception, another exception occurred:

Traceback (most recent call last):
  File "/Users/rohitchandra/Documents/OpenClaw AI/openclaw-backend/gateway.py", line 1472, in heartbeat_socket
    await websocket.send_json({
  File "/Users/rohitchandra/Documents/OpenClaw AI/openclaw-backend/venv/lib/python3.9/site-packages/starlette/websockets.py", line 176, in send_json
    await self.send({"type": "websocket.send", "text": text})
  File "/Users/rohitchandra/Documents/OpenClaw AI/openclaw-backend/venv/lib/python3.9/site-packages/starlette/websockets.py", line 89, in send
    raise WebSocketDisconnect(code=1006)
starlette.websockets.WebSocketDisconnect

During handling of the above exception, another exception occurred:

Traceback (most recent call last):
  File "/Users/rohitchandra/Documents/OpenClaw AI/openclaw-backend/venv/lib/python3.9/site-packages/uvicorn/protocols/websockets/websockets_impl.py", line 244, in run_asgi
    result = await self.app(self.scope, self.asgi_receive, self.asgi_send)  # type: ignore[func-returns-value]
  File "/Users/rohitchandra/Documents/OpenClaw AI/openclaw-backend/venv/lib/python3.9/site-packages/uvicorn/middleware/proxy_headers.py", line 60, in __call__
    return await self.app(scope, receive, send)
  File "/Users/rohitchandra/Documents/OpenClaw AI/openclaw-backend/venv/lib/python3.9/site-packages/fastapi/applications.py", line 1138, in __call__
    await super().__call__(scope, receive, send)
  File "/Users/rohitchandra/Documents/OpenClaw AI/openclaw-backend/venv/lib/python3.9/site-packages/starlette/applications.py", line 113, in __call__
    await self.middleware_stack(scope, receive, send)
  File "/Users/rohitchandra/Documents/OpenClaw AI/openclaw-backend/venv/lib/python3.9/site-packages/starlette/middleware/errors.py", line 151, in __call__
    await self.app(scope, receive, send)
  File "/Users/rohitchandra/Documents/OpenClaw AI/openclaw-backend/venv/lib/python3.9/site-packages/starlette/middleware/cors.py", line 77, in __call__
    await self.app(scope, receive, send)
  File "/Users/rohitchandra/Documents/OpenClaw AI/openclaw-backend/venv/lib/python3.9/site-packages/starlette/middleware/exceptions.py", line 63, in __call__
    await wrap_app_handling_exceptions(self.app, conn)(scope, receive, send)
  File "/Users/rohitchandra/Documents/OpenClaw AI/openclaw-backend/venv/lib/python3.9/site-packages/starlette/_exception_handler.py", line 53, in wrapped_app
    raise exc
  File "/Users/rohitchandra/Documents/OpenClaw AI/openclaw-backend/venv/lib/python3.9/site-packages/starlette/_exception_handler.py", line 42, in wrapped_app
    await app(scope, receive, sender)
  File "/Users/rohitchandra/Documents/OpenClaw AI/openclaw-backend/venv/lib/python3.9/site-packages/fastapi/middleware/asyncexitstack.py", line 18, in __call__
    await self.app(scope, receive, send)
  File "/Users/rohitchandra/Documents/OpenClaw AI/openclaw-backend/venv/lib/python3.9/site-packages/starlette/routing.py", line 716, in __call__
    await self.middleware_stack(scope, receive, send)
  File "/Users/rohitchandra/Documents/OpenClaw AI/openclaw-backend/venv/lib/python3.9/site-packages/starlette/routing.py", line 736, in app
    await route.handle(scope, receive, send)
  File "/Users/rohitchandra/Documents/OpenClaw AI/openclaw-backend/venv/lib/python3.9/site-packages/starlette/routing.py", line 364, in handle
    await self.app(scope, receive, send)
  File "/Users/rohitchandra/Documents/OpenClaw AI/openclaw-backend/venv/lib/python3.9/site-packages/fastapi/routing.py", line 147, in app
    await wrap_app_handling_exceptions(app, session)(scope, receive, send)
  File "/Users/rohitchandra/Documents/OpenClaw AI/openclaw-backend/venv/lib/python3.9/site-packages/starlette/_exception_handler.py", line 53, in wrapped_app
    raise exc
  File "/Users/rohitchandra/Documents/OpenClaw AI/openclaw-backend/venv/lib/python3.9/site-packages/starlette/_exception_handler.py", line 42, in wrapped_app
    await app(scope, receive, sender)
  File "/Users/rohitchandra/Documents/OpenClaw AI/openclaw-backend/venv/lib/python3.9/site-packages/fastapi/routing.py", line 144, in app
    await func(session)
  File "/Users/rohitchandra/Documents/OpenClaw AI/openclaw-backend/venv/lib/python3.9/site-packages/fastapi/routing.py", line 509, in app
    await dependant.call(**solved_result.values)
  File "/Users/rohitchandra/Documents/OpenClaw AI/openclaw-backend/gateway.py", line 1481, in heartbeat_socket
    except WebSocketDisconnect:
NameError: name 'WebSocketDisconnect' is not defined
üéôÔ∏è Initializing Local Whisper (tiny)...
Loading embedding model: all-MiniLM-L6-v2...
Index loaded from code_index.pkl (36 chunks)
Loading embedding model: all-MiniLM-L6-v2...
Index loaded from code_index.pkl (36 chunks)
üï∏Ô∏è Building Knowledge Graph...
Error parsing /Users/rohitchandra/Documents/OpenClaw AI/openclaw-backend/venv/lib/python3.9/site-packages/joblib/test/test_func_inspect_special_encoding.py: 'utf-8' codec can't decode byte 0xa4 in position 64: invalid start byte
üî• Warming up KV Cache...
üíì Heartbeat Service Started.
üëÅÔ∏è Observer Module Activated.
üõ°Ô∏è Deadlock Detector Active.
ü§ñ Agent Engine Online.
üì¶ Sandbox Agent Online (Docker-Ready).
üß† Memory System Initialized.
üìú Lore Engine Online.
üíì System Heartbeat Active.
üß† Reasoning Engine Online.
üëÄ Peripheral Monitor watching: .
üëÄ Peripheral Monitor Started.
üéôÔ∏è Claw is listening for your command...
Voice Engine Error: module 'sounddevice' has no attribute 'rec'
üîç Starting Complexity Audit...
Voice Engine Error: module 'sounddevice' has no attribute 'rec'
üß† Memory Context Found: At 2 PM, we struggled with a memory leak in the li...
‚ö†Ô∏è LLM Failed, using memory fallback.
üß† Generated Memory Greeting: Welcome back. I recall we last worked on: "At 2 PM, we struggled with a memory leak in the linked list; we fixed it by properly free-ing the head node.". Ready to pick up where we left off?
Voice Engine Error: module 'sounddevice' has no attribute 'rec'
Voice Engine Error: module 'sounddevice' has no attribute 'rec'
Voice Engine Error: module 'sounddevice' has no attribute 'rec'
Voice Engine Error: module 'sounddevice' has no attribute 'rec'
Voice Engine Error: module 'sounddevice' has no attribute 'rec'
Voice Engine Error: module 'sounddevice' has no attribute 'rec'
Voice Engine Error: module 'sounddevice' has no attribute 'rec'
Voice Engine Error: module 'sounddevice' has no attribute 'rec'
Voice Engine Error: module 'sounddevice' has no attribute 'rec'
Voice Engine Error: module 'sounddevice' has no attribute 'rec'
Voice Engine Error: module 'sounddevice' has no attribute 'rec'
Voice Engine Error: module 'sounddevice' has no attribute 'rec'
Voice Engine Error: module 'sounddevice' has no attribute 'rec'
Voice Engine Error: module 'sounddevice' has no attribute 'rec'
Voice Engine Error: module 'sounddevice' has no attribute 'rec'
Voice Engine Error: module 'sounddevice' has no attribute 'rec'
Voice Engine Error: module 'sounddevice' has no attribute 'rec'
Voice Engine Error: module 'sounddevice' has no attribute 'rec'
Voice Engine Error: module 'sounddevice' has no attribute 'rec'
Voice Engine Error: module 'sounddevice' has no attribute 'rec'
Voice Engine Error: module 'sounddevice' has no attribute 'rec'
Voice Engine Error: module 'sounddevice' has no attribute 'rec'
Voice Engine Error: module 'sounddevice' has no attribute 'rec'
Voice Engine Error: module 'sounddevice' has no attribute 'rec'
Voice Engine Error: module 'sounddevice' has no attribute 'rec'
Voice Engine Error: module 'sounddevice' has no attribute 'rec'
Voice Engine Error: module 'sounddevice' has no attribute 'rec'
Voice Engine Error: module 'sounddevice' has no attribute 'rec'
Voice Engine Error: module 'sounddevice' has no attribute 'rec'
Voice Engine Error: module 'sounddevice' has no attribute 'rec'
Voice Engine Error: module 'sounddevice' has no attribute 'rec'
Voice Engine Error: module 'sounddevice' has no attribute 'rec'
Voice Engine Error: module 'sounddevice' has no attribute 'rec'
Voice Engine Error: module 'sounddevice' has no attribute 'rec'
Voice Engine Error: module 'sounddevice' has no attribute 'rec'
Voice Engine Error: module 'sounddevice' has no attribute 'rec'
Voice Engine Error: module 'sounddevice' has no attribute 'rec'
Voice Engine Error: module 'sounddevice' has no attribute 'rec'
Voice Engine Error: module 'sounddevice' has no attribute 'rec'
Voice Engine Error: module 'sounddevice' has no attribute 'rec'
Voice Engine Error: module 'sounddevice' has no attribute 'rec'
Voice Engine Error: module 'sounddevice' has no attribute 'rec'
Voice Engine Error: module 'sounddevice' has no attribute 'rec'
Voice Engine Error: module 'sounddevice' has no attribute 'rec'
Voice Engine Error: module 'sounddevice' has no attribute 'rec'
Voice Engine Error: module 'sounddevice' has no attribute 'rec'
Voice Engine Error: module 'sounddevice' has no attribute 'rec'
Voice Engine Error: module 'sounddevice' has no attribute 'rec'
‚ö†Ô∏è Proactive Suggestion Failed: Cannot connect to host localhost:8081 ssl:default [Multiple exceptions: [Errno 61] Connect call failed ('::1', 8081, 0, 0), [Errno 61] Connect call failed ('127.0.0.1', 8081)]
Voice Engine Error: module 'sounddevice' has no attribute 'rec'
Voice Engine Error: module 'sounddevice' has no attribute 'rec'
Voice Engine Error: module 'sounddevice' has no attribute 'rec'
Voice Engine Error: module 'sounddevice' has no attribute 'rec'
Voice Engine Error: module 'sounddevice' has no attribute 'rec'
Voice Engine Error: module 'sounddevice' has no attribute 'rec'
Voice Engine Error: module 'sounddevice' has no attribute 'rec'
Voice Engine Error: module 'sounddevice' has no attribute 'rec'
Voice Engine Error: module 'sounddevice' has no attribute 'rec'
Voice Engine Error: module 'sounddevice' has no attribute 'rec'
Voice Engine Error: module 'sounddevice' has no attribute 'rec'
Voice Engine Error: module 'sounddevice' has no attribute 'rec'
Voice Engine Error: module 'sounddevice' has no attribute 'rec'
Voice Engine Error: module 'sounddevice' has no attribute 'rec'
Voice Engine Error: module 'sounddevice' has no attribute 'rec'
üîç Starting Complexity Audit...
Voice Engine Error: module 'sounddevice' has no attribute 'rec'
Voice Engine Error: module 'sounddevice' has no attribute 'rec'
Voice Engine Error: module 'sounddevice' has no attribute 'rec'
Voice Engine Error: module 'sounddevice' has no attribute 'rec'
Voice Engine Error: module 'sounddevice' has no attribute 'rec'
Voice Engine Error: module 'sounddevice' has no attribute 'rec'
Voice Engine Error: module 'sounddevice' has no attribute 'rec'
Voice Engine Error: module 'sounddevice' has no attribute 'rec'
Voice Engine Error: module 'sounddevice' has no attribute 'rec'
Voice Engine Error: module 'sounddevice' has no attribute 'rec'
Voice Engine Error: module 'sounddevice' has no attribute 'rec'
Voice Engine Error: module 'sounddevice' has no attribute 'rec'
Voice Engine Error: module 'sounddevice' has no attribute 'rec'
Voice Engine Error: module 'sounddevice' has no attribute 'rec'
Voice Engine Error: module 'sounddevice' has no attribute 'rec'
Voice Engine Error: module 'sounddevice' has no attribute 'rec'
Voice Engine Error: module 'sounddevice' has no attribute 'rec'
Voice Engine Error: module 'sounddevice' has no attribute 'rec'
Voice Engine Error: module 'sounddevice' has no attribute 'rec'
Voice Engine Error: module 'sounddevice' has no attribute 'rec'
Voice Engine Error: module 'sounddevice' has no attribute 'rec'
Voice Engine Error: module 'sounddevice' has no attribute 'rec'
Voice Engine Error: module 'sounddevice' has no attribute 'rec'
Voice Engine Error: module 'sounddevice' has no attribute 'rec'
Voice Engine Error: module 'sounddevice' has no attribute 'rec'
Voice Engine Error: module 'sounddevice' has no attribute 'rec'
Voice Engine Error: module 'sounddevice' has no attribute 'rec'
Voice Engine Error: module 'sounddevice' has no attribute 'rec'
Voice Engine Error: module 'sounddevice' has no attribute 'rec'
Voice Engine Error: module 'sounddevice' has no attribute 'rec'
Voice Engine Error: module 'sounddevice' has no attribute 'rec'
Voice Engine Error: module 'sounddevice' has no attribute 'rec'
Voice Engine Error: module 'sounddevice' has no attribute 'rec'
Voice Engine Error: module 'sounddevice' has no attribute 'rec'
Voice Engine Error: module 'sounddevice' has no attribute 'rec'
Voice Engine Error: module 'sounddevice' has no attribute 'rec'
Voice Engine Error: module 'sounddevice' has no attribute 'rec'
Voice Engine Error: module 'sounddevice' has no attribute 'rec'
INFO:     127.0.0.1:57684 - "WebSocket /ws/heartbeat" [accepted]
INFO:     connection open
INFO:     127.0.0.1:57687 - "WebSocket /ws/heartbeat" [accepted]
INFO:     connection open
Voice Engine Error: module 'sounddevice' has no attribute 'rec'
Voice Engine Error: module 'sounddevice' has no attribute 'rec'
Voice Engine Error: module 'sounddevice' has no attribute 'rec'
Voice Engine Error: module 'sounddevice' has no attribute 'rec'
Voice Engine Error: module 'sounddevice' has no attribute 'rec'
Voice Engine Error: module 'sounddevice' has no attribute 'rec'
Voice Engine Error: module 'sounddevice' has no attribute 'rec'
Voice Engine Error: module 'sounddevice' has no attribute 'rec'
Voice Engine Error: module 'sounddevice' has no attribute 'rec'
Voice Engine Error: module 'sounddevice' has no attribute 'rec'
Voice Engine Error: module 'sounddevice' has no attribute 'rec'
‚ö†Ô∏è Proactive Suggestion Failed: Cannot connect to host localhost:8081 ssl:default [Multiple exceptions: [Errno 61] Connect call failed ('::1', 8081, 0, 0), [Errno 61] Connect call failed ('127.0.0.1', 8081)]
Voice Engine Error: module 'sounddevice' has no attribute 'rec'
Voice Engine Error: module 'sounddevice' has no attribute 'rec'
Voice Engine Error: module 'sounddevice' has no attribute 'rec'
Voice Engine Error: module 'sounddevice' has no attribute 'rec'
Voice Engine Error: module 'sounddevice' has no attribute 'rec'
Voice Engine Error: module 'sounddevice' has no attribute 'rec'
Voice Engine Error: module 'sounddevice' has no attribute 'rec'
Voice Engine Error: module 'sounddevice' has no attribute 'rec'
Voice Engine Error: module 'sounddevice' has no attribute 'rec'
Voice Engine Error: module 'sounddevice' has no attribute 'rec'
Voice Engine Error: module 'sounddevice' has no attribute 'rec'
Voice Engine Error: module 'sounddevice' has no attribute 'rec'
Voice Engine Error: module 'sounddevice' has no attribute 'rec'
Voice Engine Error: module 'sounddevice' has no attribute 'rec'
Voice Engine Error: module 'sounddevice' has no attribute 'rec'
üîç Starting Complexity Audit...
Voice Engine Error: module 'sounddevice' has no attribute 'rec'
Voice Engine Error: module 'sounddevice' has no attribute 'rec'
Voice Engine Error: module 'sounddevice' has no attribute 'rec'
Voice Engine Error: module 'sounddevice' has no attribute 'rec'
Voice Engine Error: module 'sounddevice' has no attribute 'rec'
Voice Engine Error: module 'sounddevice' has no attribute 'rec'
Voice Engine Error: module 'sounddevice' has no attribute 'rec'
Voice Engine Error: module 'sounddevice' has no attribute 'rec'
Voice Engine Error: module 'sounddevice' has no attribute 'rec'
Voice Engine Error: module 'sounddevice' has no attribute 'rec'
Voice Engine Error: module 'sounddevice' has no attribute 'rec'
Voice Engine Error: module 'sounddevice' has no attribute 'rec'
Voice Engine Error: module 'sounddevice' has no attribute 'rec'
Voice Engine Error: module 'sounddevice' has no attribute 'rec'
Voice Engine Error: module 'sounddevice' has no attribute 'rec'
Voice Engine Error: module 'sounddevice' has no attribute 'rec'
Voice Engine Error: module 'sounddevice' has no attribute 'rec'
Voice Engine Error: module 'sounddevice' has no attribute 'rec'
Voice Engine Error: module 'sounddevice' has no attribute 'rec'
Voice Engine Error: module 'sounddevice' has no attribute 'rec'
Voice Engine Error: module 'sounddevice' has no attribute 'rec'
Voice Engine Error: module 'sounddevice' has no attribute 'rec'
Voice Engine Error: module 'sounddevice' has no attribute 'rec'
Voice Engine Error: module 'sounddevice' has no attribute 'rec'
Voice Engine Error: module 'sounddevice' has no attribute 'rec'
Voice Engine Error: module 'sounddevice' has no attribute 'rec'
Voice Engine Error: module 'sounddevice' has no attribute 'rec'
Voice Engine Error: module 'sounddevice' has no attribute 'rec'
Voice Engine Error: module 'sounddevice' has no attribute 'rec'
Voice Engine Error: module 'sounddevice' has no attribute 'rec'
Voice Engine Error: module 'sounddevice' has no attribute 'rec'
Voice Engine Error: module 'sounddevice' has no attribute 'rec'
Voice Engine Error: module 'sounddevice' has no attribute 'rec'
Voice Engine Error: module 'sounddevice' has no attribute 'rec'
Voice Engine Error: module 'sounddevice' has no attribute 'rec'
Voice Engine Error: module 'sounddevice' has no attribute 'rec'
Voice Engine Error: module 'sounddevice' has no attribute 'rec'
Voice Engine Error: module 'sounddevice' has no attribute 'rec'
Voice Engine Error: module 'sounddevice' has no attribute 'rec'
Voice Engine Error: module 'sounddevice' has no attribute 'rec'
Voice Engine Error: module 'sounddevice' has no attribute 'rec'
Voice Engine Error: module 'sounddevice' has no attribute 'rec'
Voice Engine Error: module 'sounddevice' has no attribute 'rec'
Voice Engine Error: module 'sounddevice' has no attribute 'rec'
Voice Engine Error: module 'sounddevice' has no attribute 'rec'
Voice Engine Error: module 'sounddevice' has no attribute 'rec'
Voice Engine Error: module 'sounddevice' has no attribute 'rec'
Voice Engine Error: module 'sounddevice' has no attribute 'rec'
Voice Engine Error: module 'sounddevice' has no attribute 'rec'
Voice Engine Error: module 'sounddevice' has no attribute 'rec'
‚ö†Ô∏è Proactive Suggestion Failed: Cannot connect to host localhost:8081 ssl:default [Multiple exceptions: [Errno 61] Connect call failed ('::1', 8081, 0, 0), [Errno 61] Connect call failed ('127.0.0.1', 8081)]
Voice Engine Error: module 'sounddevice' has no attribute 'rec'
Voice Engine Error: module 'sounddevice' has no attribute 'rec'
Voice Engine Error: module 'sounddevice' has no attribute 'rec'
Voice Engine Error: module 'sounddevice' has no attribute 'rec'
Voice Engine Error: module 'sounddevice' has no attribute 'rec'
Voice Engine Error: module 'sounddevice' has no attribute 'rec'
Voice Engine Error: module 'sounddevice' has no attribute 'rec'
Voice Engine Error: module 'sounddevice' has no attribute 'rec'
Voice Engine Error: module 'sounddevice' has no attribute 'rec'
Voice Engine Error: module 'sounddevice' has no attribute 'rec'
Voice Engine Error: module 'sounddevice' has no attribute 'rec'
Voice Engine Error: module 'sounddevice' has no attribute 'rec'
Voice Engine Error: module 'sounddevice' has no attribute 'rec'
Voice Engine Error: module 'sounddevice' has no attribute 'rec'
Voice Engine Error: module 'sounddevice' has no attribute 'rec'
üîç Starting Complexity Audit...
Voice Engine Error: module 'sounddevice' has no attribute 'rec'
Voice Engine Error: module 'sounddevice' has no attribute 'rec'
Voice Engine Error: module 'sounddevice' has no attribute 'rec'
Voice Engine Error: module 'sounddevice' has no attribute 'rec'
Voice Engine Error: module 'sounddevice' has no attribute 'rec'
Voice Engine Error: module 'sounddevice' has no attribute 'rec'
Voice Engine Error: module 'sounddevice' has no attribute 'rec'
Voice Engine Error: module 'sounddevice' has no attribute 'rec'
Voice Engine Error: module 'sounddevice' has no attribute 'rec'
Voice Engine Error: module 'sounddevice' has no attribute 'rec'
Voice Engine Error: module 'sounddevice' has no attribute 'rec'
Voice Engine Error: module 'sounddevice' has no attribute 'rec'
Voice Engine Error: module 'sounddevice' has no attribute 'rec'
Voice Engine Error: module 'sounddevice' has no attribute 'rec'
Voice Engine Error: module 'sounddevice' has no attribute 'rec'
Voice Engine Error: module 'sounddevice' has no attribute 'rec'
Voice Engine Error: module 'sounddevice' has no attribute 'rec'
Voice Engine Error: module 'sounddevice' has no attribute 'rec'
Voice Engine Error: module 'sounddevice' has no attribute 'rec'
Voice Engine Error: module 'sounddevice' has no attribute 'rec'
Voice Engine Error: module 'sounddevice' has no attribute 'rec'
Voice Engine Error: module 'sounddevice' has no attribute 'rec'
Voice Engine Error: module 'sounddevice' has no attribute 'rec'
Voice Engine Error: module 'sounddevice' has no attribute 'rec'
Voice Engine Error: module 'sounddevice' has no attribute 'rec'
Voice Engine Error: module 'sounddevice' has no attribute 'rec'
Voice Engine Error: module 'sounddevice' has no attribute 'rec'
Voice Engine Error: module 'sounddevice' has no attribute 'rec'
Voice Engine Error: module 'sounddevice' has no attribute 'rec'
ERROR:    Exception in ASGI application
Traceback (most recent call last):
  File "/Users/rohitchandra/Documents/OpenClaw AI/openclaw-backend/venv/lib/python3.9/site-packages/websockets/legacy/protocol.py", line 956, in transfer_data
    await asyncio.shield(self._put_message_waiter)
asyncio.exceptions.CancelledError

The above exception was the direct cause of the following exception:

Traceback (most recent call last):
  File "/Users/rohitchandra/Documents/OpenClaw AI/openclaw-backend/venv/lib/python3.9/site-packages/uvicorn/protocols/websockets/websockets_impl.py", line 329, in asgi_send
    await self.send(data)  # type: ignore[arg-type]
  File "/Users/rohitchandra/Documents/OpenClaw AI/openclaw-backend/venv/lib/python3.9/site-packages/websockets/legacy/protocol.py", line 620, in send
    await self.ensure_open()
  File "/Users/rohitchandra/Documents/OpenClaw AI/openclaw-backend/venv/lib/python3.9/site-packages/websockets/legacy/protocol.py", line 930, in ensure_open
    raise self.connection_closed_exc()
websockets.exceptions.ConnectionClosedError: sent 1011 (internal error) keepalive ping timeout; no close frame received

The above exception was the direct cause of the following exception:

Traceback (most recent call last):
  File "/Users/rohitchandra/Documents/OpenClaw AI/openclaw-backend/venv/lib/python3.9/site-packages/starlette/websockets.py", line 86, in send
    await self._send(message)
  File "/Users/rohitchandra/Documents/OpenClaw AI/openclaw-backend/venv/lib/python3.9/site-packages/starlette/_exception_handler.py", line 39, in sender
    await send(message)
  File "/Users/rohitchandra/Documents/OpenClaw AI/openclaw-backend/venv/lib/python3.9/site-packages/uvicorn/protocols/websockets/websockets_impl.py", line 342, in asgi_send
    raise ClientDisconnected from exc
uvicorn.protocols.utils.ClientDisconnected

During handling of the above exception, another exception occurred:

Traceback (most recent call last):
  File "/Users/rohitchandra/Documents/OpenClaw AI/openclaw-backend/gateway.py", line 1472, in heartbeat_socket
    await websocket.send_json({
  File "/Users/rohitchandra/Documents/OpenClaw AI/openclaw-backend/venv/lib/python3.9/site-packages/starlette/websockets.py", line 176, in send_json
    await self.send({"type": "websocket.send", "text": text})
  File "/Users/rohitchandra/Documents/OpenClaw AI/openclaw-backend/venv/lib/python3.9/site-packages/starlette/websockets.py", line 89, in send
    raise WebSocketDisconnect(code=1006)
starlette.websockets.WebSocketDisconnect

During handling of the above exception, another exception occurred:

Traceback (most recent call last):
  File "/Users/rohitchandra/Documents/OpenClaw AI/openclaw-backend/venv/lib/python3.9/site-packages/uvicorn/protocols/websockets/websockets_impl.py", line 244, in run_asgi
    result = await self.app(self.scope, self.asgi_receive, self.asgi_send)  # type: ignore[func-returns-value]
  File "/Users/rohitchandra/Documents/OpenClaw AI/openclaw-backend/venv/lib/python3.9/site-packages/uvicorn/middleware/proxy_headers.py", line 60, in __call__
    return await self.app(scope, receive, send)
  File "/Users/rohitchandra/Documents/OpenClaw AI/openclaw-backend/venv/lib/python3.9/site-packages/fastapi/applications.py", line 1138, in __call__
    await super().__call__(scope, receive, send)
  File "/Users/rohitchandra/Documents/OpenClaw AI/openclaw-backend/venv/lib/python3.9/site-packages/starlette/applications.py", line 113, in __call__
    await self.middleware_stack(scope, receive, send)
  File "/Users/rohitchandra/Documents/OpenClaw AI/openclaw-backend/venv/lib/python3.9/site-packages/starlette/middleware/errors.py", line 151, in __call__
    await self.app(scope, receive, send)
  File "/Users/rohitchandra/Documents/OpenClaw AI/openclaw-backend/venv/lib/python3.9/site-packages/starlette/middleware/cors.py", line 77, in __call__
    await self.app(scope, receive, send)
  File "/Users/rohitchandra/Documents/OpenClaw AI/openclaw-backend/venv/lib/python3.9/site-packages/starlette/middleware/exceptions.py", line 63, in __call__
    await wrap_app_handling_exceptions(self.app, conn)(scope, receive, send)
  File "/Users/rohitchandra/Documents/OpenClaw AI/openclaw-backend/venv/lib/python3.9/site-packages/starlette/_exception_handler.py", line 53, in wrapped_app
    raise exc
  File "/Users/rohitchandra/Documents/OpenClaw AI/openclaw-backend/venv/lib/python3.9/site-packages/starlette/_exception_handler.py", line 42, in wrapped_app
    await app(scope, receive, sender)
  File "/Users/rohitchandra/Documents/OpenClaw AI/openclaw-backend/venv/lib/python3.9/site-packages/fastapi/middleware/asyncexitstack.py", line 18, in __call__
    await self.app(scope, receive, send)
  File "/Users/rohitchandra/Documents/OpenClaw AI/openclaw-backend/venv/lib/python3.9/site-packages/starlette/routing.py", line 716, in __call__
    await self.middleware_stack(scope, receive, send)
  File "/Users/rohitchandra/Documents/OpenClaw AI/openclaw-backend/venv/lib/python3.9/site-packages/starlette/routing.py", line 736, in app
    await route.handle(scope, receive, send)
  File "/Users/rohitchandra/Documents/OpenClaw AI/openclaw-backend/venv/lib/python3.9/site-packages/starlette/routing.py", line 364, in handle
    await self.app(scope, receive, send)
  File "/Users/rohitchandra/Documents/OpenClaw AI/openclaw-backend/venv/lib/python3.9/site-packages/fastapi/routing.py", line 147, in app
    await wrap_app_handling_exceptions(app, session)(scope, receive, send)
  File "/Users/rohitchandra/Documents/OpenClaw AI/openclaw-backend/venv/lib/python3.9/site-packages/starlette/_exception_handler.py", line 53, in wrapped_app
    raise exc
  File "/Users/rohitchandra/Documents/OpenClaw AI/openclaw-backend/venv/lib/python3.9/site-packages/starlette/_exception_handler.py", line 42, in wrapped_app
    await app(scope, receive, sender)
  File "/Users/rohitchandra/Documents/OpenClaw AI/openclaw-backend/venv/lib/python3.9/site-packages/fastapi/routing.py", line 144, in app
    await func(session)
  File "/Users/rohitchandra/Documents/OpenClaw AI/openclaw-backend/venv/lib/python3.9/site-packages/fastapi/routing.py", line 509, in app
    await dependant.call(**solved_result.values)
  File "/Users/rohitchandra/Documents/OpenClaw AI/openclaw-backend/gateway.py", line 1481, in heartbeat_socket
    except WebSocketDisconnect:
NameError: name 'WebSocketDisconnect' is not defined
INFO:     connection closed
ERROR:    Exception in ASGI application
Traceback (most recent call last):
  File "/Users/rohitchandra/Documents/OpenClaw AI/openclaw-backend/venv/lib/python3.9/site-packages/websockets/legacy/protocol.py", line 956, in transfer_data
    await asyncio.shield(self._put_message_waiter)
asyncio.exceptions.CancelledError

The above exception was the direct cause of the following exception:

Traceback (most recent call last):
  File "/Users/rohitchandra/Documents/OpenClaw AI/openclaw-backend/venv/lib/python3.9/site-packages/uvicorn/protocols/websockets/websockets_impl.py", line 329, in asgi_send
    await self.send(data)  # type: ignore[arg-type]
  File "/Users/rohitchandra/Documents/OpenClaw AI/openclaw-backend/venv/lib/python3.9/site-packages/websockets/legacy/protocol.py", line 620, in send
    await self.ensure_open()
  File "/Users/rohitchandra/Documents/OpenClaw AI/openclaw-backend/venv/lib/python3.9/site-packages/websockets/legacy/protocol.py", line 930, in ensure_open
    raise self.connection_closed_exc()
websockets.exceptions.ConnectionClosedError: sent 1011 (internal error) keepalive ping timeout; no close frame received

The above exception was the direct cause of the following exception:

Traceback (most recent call last):
  File "/Users/rohitchandra/Documents/OpenClaw AI/openclaw-backend/venv/lib/python3.9/site-packages/starlette/websockets.py", line 86, in send
    await self._send(message)
  File "/Users/rohitchandra/Documents/OpenClaw AI/openclaw-backend/venv/lib/python3.9/site-packages/starlette/_exception_handler.py", line 39, in sender
    await send(message)
  File "/Users/rohitchandra/Documents/OpenClaw AI/openclaw-backend/venv/lib/python3.9/site-packages/uvicorn/protocols/websockets/websockets_impl.py", line 342, in asgi_send
    raise ClientDisconnected from exc
uvicorn.protocols.utils.ClientDisconnected

During handling of the above exception, another exception occurred:

Traceback (most recent call last):
  File "/Users/rohitchandra/Documents/OpenClaw AI/openclaw-backend/gateway.py", line 1472, in heartbeat_socket
    await websocket.send_json({
  File "/Users/rohitchandra/Documents/OpenClaw AI/openclaw-backend/venv/lib/python3.9/site-packages/starlette/websockets.py", line 176, in send_json
    await self.send({"type": "websocket.send", "text": text})
  File "/Users/rohitchandra/Documents/OpenClaw AI/openclaw-backend/venv/lib/python3.9/site-packages/starlette/websockets.py", line 89, in send
    raise WebSocketDisconnect(code=1006)
starlette.websockets.WebSocketDisconnect

During handling of the above exception, another exception occurred:

Traceback (most recent call last):
  File "/Users/rohitchandra/Documents/OpenClaw AI/openclaw-backend/venv/lib/python3.9/site-packages/uvicorn/protocols/websockets/websockets_impl.py", line 244, in run_asgi
    result = await self.app(self.scope, self.asgi_receive, self.asgi_send)  # type: ignore[func-returns-value]
  File "/Users/rohitchandra/Documents/OpenClaw AI/openclaw-backend/venv/lib/python3.9/site-packages/uvicorn/middleware/proxy_headers.py", line 60, in __call__
    return await self.app(scope, receive, send)
  File "/Users/rohitchandra/Documents/OpenClaw AI/openclaw-backend/venv/lib/python3.9/site-packages/fastapi/applications.py", line 1138, in __call__
    await super().__call__(scope, receive, send)
  File "/Users/rohitchandra/Documents/OpenClaw AI/openclaw-backend/venv/lib/python3.9/site-packages/starlette/applications.py", line 113, in __call__
    await self.middleware_stack(scope, receive, send)
  File "/Users/rohitchandra/Documents/OpenClaw AI/openclaw-backend/venv/lib/python3.9/site-packages/starlette/middleware/errors.py", line 151, in __call__
    await self.app(scope, receive, send)
  File "/Users/rohitchandra/Documents/OpenClaw AI/openclaw-backend/venv/lib/python3.9/site-packages/starlette/middleware/cors.py", line 77, in __call__
    await self.app(scope, receive, send)
  File "/Users/rohitchandra/Documents/OpenClaw AI/openclaw-backend/venv/lib/python3.9/site-packages/starlette/middleware/exceptions.py", line 63, in __call__
    await wrap_app_handling_exceptions(self.app, conn)(scope, receive, send)
  File "/Users/rohitchandra/Documents/OpenClaw AI/openclaw-backend/venv/lib/python3.9/site-packages/starlette/_exception_handler.py", line 53, in wrapped_app
    raise exc
  File "/Users/rohitchandra/Documents/OpenClaw AI/openclaw-backend/venv/lib/python3.9/site-packages/starlette/_exception_handler.py", line 42, in wrapped_app
    await app(scope, receive, sender)
  File "/Users/rohitchandra/Documents/OpenClaw AI/openclaw-backend/venv/lib/python3.9/site-packages/fastapi/middleware/asyncexitstack.py", line 18, in __call__
    await self.app(scope, receive, send)
  File "/Users/rohitchandra/Documents/OpenClaw AI/openclaw-backend/venv/lib/python3.9/site-packages/starlette/routing.py", line 716, in __call__
    await self.middleware_stack(scope, receive, send)
  File "/Users/rohitchandra/Documents/OpenClaw AI/openclaw-backend/venv/lib/python3.9/site-packages/starlette/routing.py", line 736, in app
    await route.handle(scope, receive, send)
  File "/Users/rohitchandra/Documents/OpenClaw AI/openclaw-backend/venv/lib/python3.9/site-packages/starlette/routing.py", line 364, in handle
    await self.app(scope, receive, send)
  File "/Users/rohitchandra/Documents/OpenClaw AI/openclaw-backend/venv/lib/python3.9/site-packages/fastapi/routing.py", line 147, in app
    await wrap_app_handling_exceptions(app, session)(scope, receive, send)
  File "/Users/rohitchandra/Documents/OpenClaw AI/openclaw-backend/venv/lib/python3.9/site-packages/starlette/_exception_handler.py", line 53, in wrapped_app
    raise exc
  File "/Users/rohitchandra/Documents/OpenClaw AI/openclaw-backend/venv/lib/python3.9/site-packages/starlette/_exception_handler.py", line 42, in wrapped_app
    await app(scope, receive, sender)
  File "/Users/rohitchandra/Documents/OpenClaw AI/openclaw-backend/venv/lib/python3.9/site-packages/fastapi/routing.py", line 144, in app
    await func(session)
  File "/Users/rohitchandra/Documents/OpenClaw AI/openclaw-backend/venv/lib/python3.9/site-packages/fastapi/routing.py", line 509, in app
    await dependant.call(**solved_result.values)
  File "/Users/rohitchandra/Documents/OpenClaw AI/openclaw-backend/gateway.py", line 1481, in heartbeat_socket
    except WebSocketDisconnect:
NameError: name 'WebSocketDisconnect' is not defined
INFO:     connection closed
